--2019-09-16 02:00:01--  http://dsi.ut-capitole.fr/blacklists/download/adult.tar.gz
Resolving dsi.ut-capitole.fr (dsi.ut-capitole.fr)... 193.49.48.249
Connecting to dsi.ut-capitole.fr (dsi.ut-capitole.fr)|193.49.48.249|:80... connected.
HTTP request sent, awaiting response... 200 OK
Length: 8441776 (8.0M) [application/x-gzip]
Saving to: ‘adult.tar.gz’

     0K  0%  741K 11s
    50K  1% 1.49M 8s
   100K  1% 11.6M 6s
   150K  2% 11.4M 4s
   200K  3% 1.71M 4s
   250K  3% 11.5M 4s
   300K  4% 11.1M 3s
   350K  4% 2.23M 3s
   400K  5% 10.4M 3s
   450K  6% 11.1M 3s
   500K  6% 10.1M 3s
   550K  7% 2.28M 3s
   600K  7% 9.31M 2s
   650K  8% 10.2M 2s
   700K  9% 11.1M 2s
   750K  9% 2.28M 2s
   800K 10% 9.13M 2s
   850K 10% 10.0M 2s
   900K 11% 9.82M 2s
   950K 12% 2.44M 2s
  1000K 12% 8.77M 2s
  1050K 13% 8.66M 2s
  1100K 13% 2.59M 2s
  1150K 14% 5.23M 2s
  1200K 15% 11.2M 2s
  1250K 15% 11.3M 2s
  1300K 16% 2.72M 2s
  1350K 16% 5.51M 2s
  1400K 17% 8.70M 2s
  1450K 18% 11.1M 2s
  1500K 18% 2.37M 2s
  1550K 19% 6.40M 2s
  1600K 20% 11.1M 2s
  1650K 20% 11.3M 2s
  1700K 21% 2.18M 2s
  1750K 21% 10.2M 2s
  1800K 22% 10.9M 1s
  1850K 23% 9.67M 1s
  1900K 23% 2.29M 1s
  1950K 24% 9.85M 1s
  2000K 24% 9.65M 1s
  2050K 25% 3.66M 1s
  2100K 26% 3.99M 1s
  2150K 26% 9.60M 1s
  2200K 27% 9.90M 1s
  2250K 27% 3.59M 1s
  2300K 28% 3.88M 1s
  2350K 29% 9.99M 1s
  2400K 29% 8.32M 1s
  2450K 30% 3.82M 1s
  2500K 30% 4.06M 1s
  2550K 31% 9.68M 1s
  2600K 32% 3.54M 1s
  2650K 32% 8.33M 1s
  2700K 33% 3.21M 1s
  2750K 33% 10.2M 1s
  2800K 34% 5.03M 1s
  2850K 35% 4.52M 1s
  2900K 35% 4.59M 1s
  2950K 36% 5.16M 1s
  3000K 36% 10.6M 1s
  3050K 37% 3.28M 1s
  3100K 38% 7.23M 1s
  3150K 38% 4.90M 1s
  3200K 39% 5.64M 1s
  3250K 40% 5.04M 1s
  3300K 40% 6.66M 1s
  3350K 41% 4.59M 1s
  3400K 41% 5.92M 1s
  3450K 42% 5.20M 1s
  3500K 43% 6.65M 1s
  3550K 43% 4.56M 1s
  3600K 44% 6.07M 1s
  3650K 44% 4.42M 1s
  3700K 45% 7.04M 1s
  3750K 46% 4.98M 1s
  3800K 46% 5.38M 1s
  3850K 47% 3.56M 1s
  3900K 47% 11.4M 1s
  3950K 48% 4.49M 1s
  4000K 49% 7.46M 1s
  4050K 49% 3.38M 1s
  4100K 50% 8.76M 1s
  4150K 50% 4.96M 1s
  4200K 51% 8.31M 1s
  4250K 52% 3.56M 1s
  4300K 52% 5.97M 1s
  4350K 53% 5.54M 1s
  4400K 53% 6.43M 1s
  4450K 54% 4.33M 1s
  4500K 55% 6.00M 1s
  4550K 55% 5.29M 1s
  4600K 56% 5.15M 1s
  4650K 57% 5.11M 1s
  4700K 57% 5.86M 1s
  4750K 58% 3.48M 1s
  4800K 58% 2.79M 1s
  4850K 59% 3.47M 1s
  4900K 60% 3.79M 1s
  4950K 60% 2.58M 1s
  5000K 61% 5.26M 1s
  5050K 61% 10.9M 1s
  5100K 62% 7.00M 1s
  5150K 63% 3.14M 1s
  5200K 63% 5.11M 1s
  5250K 64% 9.92M 1s
  5300K 64% 6.58M 1s
  5350K 65% 3.37M 1s
  5400K 66% 5.83M 1s
  5450K 66% 8.87M 1s
  5500K 67% 6.25M 1s
  5550K 67% 3.31M 1s
  5600K 68% 6.06M 1s
  5650K 69% 10.6M 1s
  5700K 69% 5.60M 1s
  5750K 70% 2.65M 1s
  5800K 70% 6.75M 0s
  5850K 71% 9.64M 0s
  5900K 72% 2.84M 0s
  5950K 72% 6.31M 0s
  6000K 73% 8.50M 0s
  6050K 73% 9.40M 0s
  6100K 74% 2.69M 0s
  6150K 75% 6.12M 0s
  6200K 75% 11.5M 0s
  6250K 76% 9.29M 0s
  6300K 77% 2.62M 0s
  6350K 77% 6.42M 0s
  6400K 78% 10.9M 0s
  6450K 78% 7.84M 0s
  6500K 79% 2.81M 0s
  6550K 80% 6.47M 0s
  6600K 80% 8.79M 0s
  6650K 81% 2.87M 0s
  6700K 81% 6.59M 0s
  6750K 82% 7.95M 0s
  6800K 83% 3.64M 0s
  6850K 83% 4.61M 0s
  6900K 84% 8.69M 0s
  6950K 84% 8.74M 0s
  7000K 85% 3.53M 0s
  7050K 86% 4.71M 0s
  7100K 86% 7.41M 0s
  7150K 87% 9.12M 0s
  7200K 87% 3.60M 0s
  7250K 88% 3.92M 0s
  7300K 89% 10.1M 0s
  7350K 89% 4.16M 0s
  7400K 90% 7.00M 0s
  7450K 90% 4.01M 0s
  7500K 91% 9.80M 0s
  7550K 92% 4.14M 0s
  7600K 92% 6.73M 0s
  7650K 93% 4.15M 0s
  7700K 94% 9.23M 0s
  7750K 94% 4.24M 0s
  7800K 95% 4.66M 0s
  7850K 95% 5.06M 0s
  7900K 96% 6.77M 0s
  7950K 97% 5.97M 0s
  8000K 97% 4.31M 0s
  8050K 98% 5.14M 0s
  8100K 98% 7.26M 0s
  8150K 99% 5.28M 0s
  8200K100% 3.71M=1.6s

2019-09-16 02:00:03 (4.90 MB/s) - ‘adult.tar.gz’ saved [8441776/8441776]

--2019-09-16 02:00:05--  https://raw.githubusercontent.com/StevenBlack/hosts/master/hosts
Resolving raw.githubusercontent.com (raw.githubusercontent.com)... 199.232.40.133
Connecting to raw.githubusercontent.com (raw.githubusercontent.com)|199.232.40.133|:443... connected.
HTTP request sent, awaiting response... 200 OK
Length: 1265867 (1.2M) [text/plain]
Saving to: ‘hosts’

     0K  4% 1.02M 1s
    50K  8% 2.39M 1s
   100K 12% 10.0M 1s
   150K 16% 2.97M 0s
   200K 20% 11.5M 0s
   250K 24% 11.1M 0s
   300K 28% 12.2M 0s
   350K 32% 4.14M 0s
   400K 36% 9.06M 0s
   450K 40% 11.6M 0s
   500K 44% 11.6M 0s
   550K 48% 4.96M 0s
   600K 52% 8.86M 0s
   650K 56% 11.6M 0s
   700K 60% 11.5M 0s
   750K 64% 4.04M 0s
   800K 68% 10.8M 0s
   850K 72% 10.4M 0s
   900K 76% 11.8M 0s
   950K 80% 4.61M 0s
  1000K 84% 11.4M 0s
  1050K 88% 10.3M 0s
  1100K 93% 9.89M 0s
  1150K 97% 4.46M 0s
  1200K100% 19.6M=0.2s

2019-09-16 02:00:05 (5.63 MB/s) - ‘hosts’ saved [1265867/1265867]

--2019-09-16 02:00:05--  https://raw.githubusercontent.com/StevenBlack/hosts/master/alternates/porn/hosts
Resolving raw.githubusercontent.com (raw.githubusercontent.com)... 151.101.0.133, 151.101.64.133, 151.101.128.133, ...
Connecting to raw.githubusercontent.com (raw.githubusercontent.com)|151.101.0.133|:443... connected.
HTTP request sent, awaiting response... 200 OK
Length: 1597879 (1.5M) [text/plain]
Saving to: ‘hosts’

     0K  3% 2.32M 1s
    50K  6% 5.32M 0s
   100K  9% 11.4M 0s
   150K 12% 11.9M 0s
   200K 16% 8.96M 0s
   250K 19% 11.7M 0s
   300K 22% 11.9M 0s
   350K 25% 7.52M 0s
   400K 28% 11.5M 0s
   450K 32% 11.8M 0s
   500K 35% 11.5M 0s
   550K 38% 11.8M 0s
   600K 41% 11.5M 0s
   650K 44% 11.8M 0s
   700K 48% 11.4M 0s
   750K 51% 9.33M 0s
   800K 54% 11.5M 0s
   850K 57% 11.8M 0s
   900K 60% 11.5M 0s
   950K 64% 11.8M 0s
  1000K 67% 11.5M 0s
  1050K 70% 11.8M 0s
  1100K 73% 2.97M 0s
  1150K 76% 25.6M 0s
  1200K 80% 17.7M 0s
  1250K 83% 33.4M 0s
  1300K 86% 3.99M 0s
  1350K 89% 32.1M 0s
  1400K 92% 28.3M 0s
  1450K 96% 8.15M 0s
  1500K 99% 7.04M 0s
  1550K100% 12.5M=0.2s

2019-09-16 02:00:05 (8.93 MB/s) - ‘hosts’ saved [1597879/1597879]

--2019-09-16 02:00:05--  https://hosts-file.net/ad_servers.txt
Resolving hosts-file.net (hosts-file.net)... 107.22.171.143
Connecting to hosts-file.net (hosts-file.net)|107.22.171.143|:443... connected.
HTTP request sent, awaiting response... 200 OK
Length: 1772405 (1.7M) [text/plain]
Saving to: ‘ad_servers.txt’

     0K  2%  248K 7s
    50K  5%  497K 5s
   100K  8% 1.07M 4s
   150K 11%  911K 3s
   200K 14% 12.5M 2s
   250K 17% 1.07M 2s
   300K 20% 11.5M 2s
   350K 23% 1024K 2s
   400K 25% 1.11M 2s
   450K 28% 11.4M 1s
   500K 31% 1.03M 1s
   550K 34% 8.67M 1s
   600K 37% 1.09M 1s
   650K 40% 10.4M 1s
   700K 43% 1.09M 1s
   750K 46% 7.21M 1s
   800K 49% 1.08M 1s
   850K 51% 10.3M 1s
   900K 54% 1.09M 1s
   950K 57% 8.74M 1s
  1000K 60% 1.08M 1s
  1050K 63% 11.3M 0s
  1100K 66% 1.02M 0s
  1150K 69% 2.36M 0s
  1200K 72% 1.72M 0s
  1250K 75% 9.28M 0s
  1300K 77% 1.04M 0s
  1350K 80% 7.77M 0s
  1400K 83% 1.16M 0s
  1450K 86% 10.2M 0s
  1500K 89% 1.03M 0s
  1550K 92% 1.15M 0s
  1600K 95% 6.03M 0s
  1650K 98% 1.11M 0s
  1700K100% 6.61M=1.2s

2019-09-16 02:00:11 (1.40 MB/s) - ‘ad_servers.txt’ saved [1772405/1772405]

--2019-09-16 02:00:11--  https://raw.githubusercontent.com/EnergizedProtection/block/master/porn/formats/hosts
Resolving raw.githubusercontent.com (raw.githubusercontent.com)... 151.101.0.133, 151.101.64.133, 151.101.128.133, ...
Connecting to raw.githubusercontent.com (raw.githubusercontent.com)|151.101.0.133|:443... connected.
HTTP request sent, awaiting response... 200 OK
Length: 10470812 (10.0M) [text/plain]
Saving to: ‘hosts’

     0K  0% 2.37M 4s
    50K  0% 5.17M 3s
   100K  1% 11.4M 2s
   150K  1% 7.23M 2s
   200K  2% 11.5M 2s
   250K  2% 9.66M 2s
   300K  3% 11.6M 2s
   350K  3% 9.07M 1s
   400K  4% 11.8M 1s
   450K  4% 11.1M 1s
   500K  5% 10.9M 1s
   550K  5% 8.81M 1s
   600K  6% 11.9M 1s
   650K  6% 11.7M 1s
   700K  7% 11.9M 1s
   750K  7% 11.2M 1s
   800K  8% 11.8M 1s
   850K  8% 11.8M 1s
   900K  9% 11.7M 1s
   950K  9% 9.02M 1s
  1000K 10% 11.5M 1s
  1050K 10% 12.2M 1s
  1100K 11% 11.5M 1s
  1150K 11% 11.5M 1s
  1200K 12% 11.5M 1s
  1250K 12% 2.79M 1s
  1300K 13% 34.3M 1s
  1350K 13% 19.1M 1s
  1400K 14% 34.8M 1s
  1450K 14% 3.51M 1s
  1500K 15% 34.8M 1s
  1550K 15% 32.2M 1s
  1600K 16% 15.5M 1s
  1650K 16% 7.94M 1s
  1700K 17% 7.32M 1s
  1750K 17% 5.65M 1s
  1800K 18% 10.2M 1s
  1850K 18% 7.29M 1s
  1900K 19% 8.28M 1s
  1950K 19% 8.34M 1s
  2000K 20% 7.18M 1s
  2050K 20% 9.51M 1s
  2100K 21% 7.35M 1s
  2150K 21% 6.01M 1s
  2200K 22% 7.94M 1s
  2250K 22% 9.34M 1s
  2300K 22% 7.88M 1s
  2350K 23% 8.73M 1s
  2400K 23% 7.97M 1s
  2450K 24% 7.89M 1s
  2500K 24% 8.69M 1s
  2550K 25% 6.31M 1s
  2600K 25% 8.09M 1s
  2650K 26% 9.79M 1s
  2700K 26% 8.25M 1s
  2750K 27% 8.91M 1s
  2800K 27% 7.17M 1s
  2850K 28% 10.7M 1s
  2900K 28% 7.15M 1s
  2950K 29% 7.46M 1s
  3000K 29% 8.85M 1s
  3050K 30% 8.06M 1s
  3100K 30% 9.61M 1s
  3150K 31% 8.29M 1s
  3200K 31% 8.18M 1s
  3250K 32% 10.2M 1s
  3300K 32% 8.02M 1s
  3350K 33% 8.02M 1s
  3400K 33% 8.09M 1s
  3450K 34% 9.96M 1s
  3500K 34% 8.35M 1s
  3550K 35% 8.57M 1s
  3600K 35% 10.1M 1s
  3650K 36% 8.51M 1s
  3700K 36% 10.7M 1s
  3750K 37% 6.85M 1s
  3800K 37% 10.1M 1s
  3850K 38% 9.06M 1s
  3900K 38% 10.2M 1s
  3950K 39% 8.87M 1s
  4000K 39% 7.93M 1s
  4050K 40% 11.5M 1s
  4100K 40% 8.42M 1s
  4150K 41% 8.88M 1s
  4200K 41% 8.20M 1s
  4250K 42% 10.4M 1s
  4300K 42% 8.97M 1s
  4350K 43% 11.1M 1s
  4400K 43% 8.24M 1s
  4450K 44% 11.5M 1s
  4500K 44% 8.99M 1s
  4550K 44% 7.69M 1s
  4600K 45% 9.85M 1s
  4650K 45% 10.2M 1s
  4700K 46% 9.92M 1s
  4750K 46% 10.1M 1s
  4800K 47% 9.17M 1s
  4850K 47% 11.5M 1s
  4900K 48% 9.35M 1s
  4950K 48% 8.07M 1s
  5000K 49% 9.09M 1s
  5050K 49% 11.3M 1s
  5100K 50% 9.09M 1s
  5150K 50% 11.6M 1s
  5200K 51% 9.52M 1s
  5250K 51% 11.1M 1s
  5300K 52% 10.4M 1s
  5350K 52% 8.23M 1s
  5400K 53% 10.0M 1s
  5450K 53% 11.2M 1s
  5500K 54% 9.74M 1s
  5550K 54% 11.1M 1s
  5600K 55% 10.3M 1s
  5650K 55% 10.2M 0s
  5700K 56% 11.8M 0s
  5750K 56% 7.39M 0s
  5800K 57% 11.5M 0s
  5850K 57% 10.1M 0s
  5900K 58% 10.4M 0s
  5950K 58% 10.3M 0s
  6000K 59% 11.1M 0s
  6050K 59% 11.5M 0s
  6100K 60% 9.62M 0s
  6150K 60% 8.83M 0s
  6200K 61% 10.4M 0s
  6250K 61% 11.5M 0s
  6300K 62% 9.32M 0s
  6350K 62% 11.8M 0s
  6400K 63% 11.4M 0s
  6450K 63% 9.34M 0s
  6500K 64% 11.5M 0s
  6550K 64% 8.29M 0s
  6600K 65% 11.7M 0s
  6650K 65% 11.8M 0s
  6700K 66% 10.3M 0s
  6750K 66% 11.6M 0s
  6800K 66% 10.6M 0s
  6850K 67% 11.4M 0s
  6900K 67% 11.7M 0s
  6950K 68% 8.12M 0s
  7000K 68% 12.2M 0s
  7050K 69% 10.0M 0s
  7100K 69% 11.9M 0s
  7150K 70% 11.2M 0s
  7200K 70% 10.9M 0s
  7250K 71% 11.5M 0s
  7300K 71% 11.8M 0s
  7350K 72% 8.15M 0s
  7400K 72% 11.8M 0s
  7450K 73% 11.8M 0s
  7500K 73% 11.5M 0s
  7550K 74% 11.2M 0s
  7600K 74% 11.3M 0s
  7650K 75% 11.6M 0s
  7700K 75% 11.5M 0s
  7750K 76% 9.01M 0s
  7800K 76% 12.1M 0s
  7850K 77% 11.5M 0s
  7900K 77% 11.8M 0s
  7950K 78% 11.2M 0s
  8000K 78% 12.1M 0s
  8050K 79% 11.4M 0s
  8100K 79% 11.5M 0s
  8150K 80% 8.90M 0s
  8200K 80% 12.1M 0s
  8250K 81% 11.5M 0s
  8300K 81% 11.8M 0s
  8350K 82% 11.2M 0s
  8400K 82% 12.1M 0s
  8450K 83% 11.5M 0s
  8500K 83% 11.8M 0s
  8550K 84% 9.02M 0s
  8600K 84% 11.8M 0s
  8650K 85% 11.8M 0s
  8700K 85% 11.5M 0s
  8750K 86% 11.5M 0s
  8800K 86% 11.8M 0s
  8850K 87% 11.8M 0s
  8900K 87% 11.5M 0s
  8950K 88% 9.02M 0s
  9000K 88% 11.5M 0s
  9050K 88% 12.1M 0s
  9100K 89% 11.5M 0s
  9150K 89% 11.5M 0s
  9200K 90% 11.8M 0s
  9250K 90% 11.7M 0s
  9300K 91% 11.5M 0s
  9350K 91% 9.07M 0s
  9400K 92% 3.26M 0s
  9450K 92% 34.0M 0s
  9500K 93% 36.2M 0s
  9550K 93% 7.51M 0s
  9600K 94% 35.4M 0s
  9650K 94% 15.7M 0s
  9700K 95% 7.55M 0s
  9750K 95% 8.53M 0s
  9800K 96% 7.97M 0s
  9850K 96% 10.6M 0s
  9900K 97% 8.60M 0s
  9950K 97% 8.06M 0s
 10000K 98% 10.5M 0s
 10050K 98% 8.34M 0s
 10100K 99% 11.1M 0s
 10150K 99% 6.70M 0s
 10200K100% 31.8M=1.0s

2019-09-16 02:00:13 (9.54 MB/s) - ‘hosts’ saved [10470812/10470812]

--2019-09-16 02:00:13--  https://raw.githubusercontent.com/EnergizedProtection/block/master/extensions/porn-lite/formats/hosts
Resolving raw.githubusercontent.com (raw.githubusercontent.com)... 199.232.40.133
Connecting to raw.githubusercontent.com (raw.githubusercontent.com)|199.232.40.133|:443... connected.
HTTP request sent, awaiting response... 200 OK
Length: 1054790 (1.0M) [text/plain]
Saving to: ‘hosts’

     0K  4% 1.05M 1s
    50K  9% 2.24M 1s
   100K 14% 11.9M 0s
   150K 19% 11.6M 0s
   200K 24% 2.94M 0s
   250K 29% 11.5M 0s
   300K 33% 12.2M 0s
   350K 38% 3.90M 0s
   400K 43% 10.5M 0s
   450K 48% 11.3M 0s
   500K 53% 11.6M 0s
   550K 58% 4.69M 0s
   600K 63% 10.1M 0s
   650K 67% 11.6M 0s
   700K 72% 10.4M 0s
   750K 77% 4.34M 0s
   800K 82% 10.2M 0s
   850K 87% 10.1M 0s
   900K 92% 11.6M 0s
   950K 97% 5.01M 0s
  1000K100% 11.7M=0.2s

2019-09-16 02:00:14 (5.33 MB/s) - ‘hosts’ saved [1054790/1054790]

--2019-09-16 02:00:14--  https://blocklist.site/app/dl/porn
Resolving blocklist.site (blocklist.site)... 104.24.106.100, 104.24.107.100, 2606:4700:30::6818:6b64, ...
Connecting to blocklist.site (blocklist.site)|104.24.106.100|:443... connected.
HTTP request sent, awaiting response... 200 OK
Length: 1
Saving to: ‘porn’

     0K100%  751K=0s

2019-09-16 02:00:15 (751 KB/s) - ‘porn’ saved [1/1]

